--------------------------------------------------------------
.compute.vmSize     = Standard_NC16as_T4_v3
.compute.location   = northeurope
.compute.zone       = 1
.compute.resourceId = /subscriptions/724467b5-bee4-484b-bf13-d6a5505d2b51/resourceGroups/perf/providers/Microsoft.Compute/virtualMachines/gpu
--------------------------------------------------------------
Running 1 downloads in parallel
Length 137438953472 bytes, approx 128 GB
In 1 downloads, fetch 1073741824 bytes (733.89 Mbit/sec)
In 1 downloads, fetch 1073741824 bytes (716.79 Mbit/sec)
In 1 downloads, fetch 1073741824 bytes (716.71 Mbit/sec)
In 1 downloads, fetch 1073741824 bytes (738.37 Mbit/sec)
In 1 downloads, fetch 1073741824 bytes (716.64 Mbit/sec)
In 1 downloads, fetch 1073741824 bytes (710.53 Mbit/sec)
In 1 downloads, fetch 1073741824 bytes (717.66 Mbit/sec)
In 1 downloads, fetch 1073741824 bytes (721.44 Mbit/sec)
In 1 downloads, fetch 1073741824 bytes (720.70 Mbit/sec)
In 1 downloads, fetch 1073741824 bytes (721.59 Mbit/sec)
In 1 downloads, fetch 1073741824 bytes (828.06 Mbit/sec)
In 1 downloads, fetch 1073741824 bytes (824.17 Mbit/sec)
In 1 downloads, fetch 1073741824 bytes (818.07 Mbit/sec)
In 1 downloads, fetch 1073741824 bytes (815.29 Mbit/sec)
In 1 downloads, fetch 1073741824 bytes (739.71 Mbit/sec)
In 1 downloads, fetch 1073741824 bytes (743.30 Mbit/sec)
In 1 downloads, fetch 1073741824 bytes (747.86 Mbit/sec)
In 1 downloads, fetch 1073741824 bytes (735.66 Mbit/sec)
In 1 downloads, fetch 1073741824 bytes (728.91 Mbit/sec)
In 1 downloads, fetch 1073741824 bytes (729.60 Mbit/sec)
In 1 downloads, fetch 1073741824 bytes (736.02 Mbit/sec)
In 1 downloads, fetch 1073741824 bytes (745.91 Mbit/sec)
In 1 downloads, fetch 1073741824 bytes (748.24 Mbit/sec)
In 1 downloads, fetch 1073741824 bytes (724.41 Mbit/sec)
In 1 downloads, fetch 1073741824 bytes (721.63 Mbit/sec)
In 1 downloads, fetch 1073741824 bytes (761.03 Mbit/sec)
In 1 downloads, fetch 1073741824 bytes (746.60 Mbit/sec)
In 1 downloads, fetch 1073741824 bytes (733.52 Mbit/sec)
In 1 downloads, fetch 1073741824 bytes (648.05 Mbit/sec)
In 1 downloads, fetch 1073741824 bytes (673.37 Mbit/sec)
In 1 downloads, fetch 1073741824 bytes (678.34 Mbit/sec)
In 1 downloads, fetch 1073741824 bytes (800.54 Mbit/sec)
In 1 downloads, fetch 1073741824 bytes (774.66 Mbit/sec)
In 1 downloads, fetch 1073741824 bytes (764.97 Mbit/sec)
In 1 downloads, fetch 1073741824 bytes (722.16 Mbit/sec)
In 1 downloads, fetch 1073741824 bytes (716.05 Mbit/sec)
In 1 downloads, fetch 1073741824 bytes (733.98 Mbit/sec)
In 1 downloads, fetch 1073741824 bytes (695.96 Mbit/sec)
In 1 downloads, fetch 1073741824 bytes (704.38 Mbit/sec)
In 1 downloads, fetch 1073741824 bytes (697.85 Mbit/sec)
In 1 downloads, fetch 1073741824 bytes (692.32 Mbit/sec)
In 1 downloads, fetch 1073741824 bytes (707.57 Mbit/sec)
In 1 downloads, fetch 1073741824 bytes (710.98 Mbit/sec)
In 1 downloads, fetch 1073741824 bytes (702.16 Mbit/sec)
In 1 downloads, fetch 1073741824 bytes (685.06 Mbit/sec)
In 1 downloads, fetch 1073741824 bytes (675.48 Mbit/sec)
In 1 downloads, fetch 1073741824 bytes (680.16 Mbit/sec)
In 1 downloads, fetch 1073741824 bytes (679.18 Mbit/sec)
In 1 downloads, fetch 1073741824 bytes (649.10 Mbit/sec)
In 1 downloads, fetch 1073741824 bytes (677.50 Mbit/sec)
In 1 downloads, fetch 1073741824 bytes (677.82 Mbit/sec)
In 1 downloads, fetch 1073741824 bytes (688.80 Mbit/sec)
In 1 downloads, fetch 1073741824 bytes (691.09 Mbit/sec)
In 1 downloads, fetch 1073741824 bytes (671.71 Mbit/sec)
In 1 downloads, fetch 1073741824 bytes (761.20 Mbit/sec)
In 1 downloads, fetch 1073741824 bytes (778.26 Mbit/sec)
In 1 downloads, fetch 1073741824 bytes (768.86 Mbit/sec)
In 1 downloads, fetch 1073741824 bytes (782.24 Mbit/sec)
In 1 downloads, fetch 1073741824 bytes (762.90 Mbit/sec)
In 1 downloads, fetch 1073741824 bytes (770.61 Mbit/sec)
In 1 downloads, fetch 1073741824 bytes (780.77 Mbit/sec)
In 1 downloads, fetch 1073741824 bytes (759.17 Mbit/sec)
In 1 downloads, fetch 1073741824 bytes (775.31 Mbit/sec)
In 1 downloads, fetch 1073741824 bytes (792.30 Mbit/sec)
In 1 downloads, fetch 1073741824 bytes (776.29 Mbit/sec)
In 1 downloads, fetch 1073741824 bytes (766.00 Mbit/sec)
In 1 downloads, fetch 1073741824 bytes (765.70 Mbit/sec)
In 1 downloads, fetch 1073741824 bytes (771.01 Mbit/sec)
In 1 downloads, fetch 1073741824 bytes (735.51 Mbit/sec)
In 1 downloads, fetch 1073741824 bytes (740.65 Mbit/sec)
In 1 downloads, fetch 1073741824 bytes (738.25 Mbit/sec)
In 1 downloads, fetch 1073741824 bytes (734.89 Mbit/sec)
In 1 downloads, fetch 1073741824 bytes (734.35 Mbit/sec)
In 1 downloads, fetch 1073741824 bytes (747.83 Mbit/sec)
In 1 downloads, fetch 1073741824 bytes (746.98 Mbit/sec)
In 1 downloads, fetch 1073741824 bytes (718.30 Mbit/sec)
In 1 downloads, fetch 1073741824 bytes (708.81 Mbit/sec)
In 1 downloads, fetch 1073741824 bytes (702.32 Mbit/sec)
In 1 downloads, fetch 1073741824 bytes (742.63 Mbit/sec)
In 1 downloads, fetch 1073741824 bytes (742.95 Mbit/sec)
In 1 downloads, fetch 1073741824 bytes (765.72 Mbit/sec)
In 1 downloads, fetch 1073741824 bytes (774.93 Mbit/sec)
In 1 downloads, fetch 1073741824 bytes (767.40 Mbit/sec)
In 1 downloads, fetch 1073741824 bytes (747.61 Mbit/sec)
In 1 downloads, fetch 1073741824 bytes (743.69 Mbit/sec)
In 1 downloads, fetch 1073741824 bytes (785.72 Mbit/sec)
In 1 downloads, fetch 1073741824 bytes (763.96 Mbit/sec)
In 1 downloads, fetch 1073741824 bytes (862.02 Mbit/sec)
In 1 downloads, fetch 1073741824 bytes (844.44 Mbit/sec)
In 1 downloads, fetch 1073741824 bytes (785.50 Mbit/sec)
In 1 downloads, fetch 1073741824 bytes (803.22 Mbit/sec)
In 1 downloads, fetch 1073741824 bytes (793.45 Mbit/sec)
In 1 downloads, fetch 1073741824 bytes (802.82 Mbit/sec)
In 1 downloads, fetch 1073741824 bytes (804.18 Mbit/sec)
In 1 downloads, fetch 1073741824 bytes (783.76 Mbit/sec)
In 1 downloads, fetch 1073741824 bytes (756.27 Mbit/sec)
In 1 downloads, fetch 1073741824 bytes (779.46 Mbit/sec)
In 1 downloads, fetch 1073741824 bytes (802.25 Mbit/sec)
In 1 downloads, fetch 1073741824 bytes (726.33 Mbit/sec)
In 1 downloads, fetch 1073741824 bytes (784.76 Mbit/sec)
In 1 downloads, fetch 1073741824 bytes (775.15 Mbit/sec)
In 1 downloads, fetch 1073741824 bytes (783.78 Mbit/sec)
In 1 downloads, fetch 1073741824 bytes (787.57 Mbit/sec)
In 1 downloads, fetch 1073741824 bytes (765.45 Mbit/sec)
In 1 downloads, fetch 1073741824 bytes (760.29 Mbit/sec)
In 1 downloads, fetch 1073741824 bytes (757.05 Mbit/sec)
In 1 downloads, fetch 1073741824 bytes (751.52 Mbit/sec)
In 1 downloads, fetch 1073741824 bytes (772.14 Mbit/sec)
In 1 downloads, fetch 1073741824 bytes (779.87 Mbit/sec)
In 1 downloads, fetch 1073741824 bytes (775.09 Mbit/sec)
In 1 downloads, fetch 1073741824 bytes (787.56 Mbit/sec)
In 1 downloads, fetch 1073741824 bytes (713.88 Mbit/sec)
In 1 downloads, fetch 1073741824 bytes (714.23 Mbit/sec)
In 1 downloads, fetch 1073741824 bytes (710.20 Mbit/sec)
In 1 downloads, fetch 1073741824 bytes (713.68 Mbit/sec)
In 1 downloads, fetch 1073741824 bytes (704.80 Mbit/sec)
In 1 downloads, fetch 1073741824 bytes (687.64 Mbit/sec)
In 1 downloads, fetch 1073741824 bytes (701.86 Mbit/sec)
In 1 downloads, fetch 1073741824 bytes (693.58 Mbit/sec)
In 1 downloads, fetch 1073741824 bytes (696.07 Mbit/sec)
In 1 downloads, fetch 1073741824 bytes (720.59 Mbit/sec)
In 1 downloads, fetch 1073741824 bytes (707.47 Mbit/sec)
In 1 downloads, fetch 1073741824 bytes (679.99 Mbit/sec)
In 1 downloads, fetch 1073741824 bytes (707.79 Mbit/sec)
In 1 downloads, fetch 1073741824 bytes (704.86 Mbit/sec)
In 1 downloads, fetch 1073741824 bytes (705.09 Mbit/sec)
In 1 downloads, fetch 1073741824 bytes (731.25 Mbit/sec)
In 1 downloads, fetch 1073741824 bytes (706.96 Mbit/sec)
Overall time with 1 1420.1445492 seconds (738.36 Mbit/sec)
-----------------------------------
Running 2 downloads in parallel
Length 137438953472 bytes, approx 128 GB
In 2 downloads, fetch 2147483648 bytes (1381.54 Mbit/sec)
In 2 downloads, fetch 2147483648 bytes (1351.49 Mbit/sec)
In 2 downloads, fetch 2147483648 bytes (1391.19 Mbit/sec)
In 2 downloads, fetch 2147483648 bytes (1364.15 Mbit/sec)
In 2 downloads, fetch 2147483648 bytes (1366.91 Mbit/sec)
In 2 downloads, fetch 2147483648 bytes (1351.83 Mbit/sec)
In 2 downloads, fetch 2147483648 bytes (1354.41 Mbit/sec)
In 2 downloads, fetch 2147483648 bytes (1395.26 Mbit/sec)
In 2 downloads, fetch 2147483648 bytes (1366.17 Mbit/sec)
In 2 downloads, fetch 2147483648 bytes (1324.10 Mbit/sec)
In 2 downloads, fetch 2147483648 bytes (1391.31 Mbit/sec)
In 2 downloads, fetch 2147483648 bytes (1578.16 Mbit/sec)
In 2 downloads, fetch 2147483648 bytes (1560.82 Mbit/sec)
In 2 downloads, fetch 2147483648 bytes (1426.09 Mbit/sec)
In 2 downloads, fetch 2147483648 bytes (1443.91 Mbit/sec)
In 2 downloads, fetch 2147483648 bytes (1402.65 Mbit/sec)
In 2 downloads, fetch 2147483648 bytes (1337.82 Mbit/sec)
In 2 downloads, fetch 2147483648 bytes (1345.72 Mbit/sec)
In 2 downloads, fetch 2147483648 bytes (1325.23 Mbit/sec)
In 2 downloads, fetch 2147483648 bytes (1335.16 Mbit/sec)
In 2 downloads, fetch 2147483648 bytes (1312.15 Mbit/sec)
In 2 downloads, fetch 2147483648 bytes (1353.54 Mbit/sec)
In 2 downloads, fetch 2147483648 bytes (1327.96 Mbit/sec)
In 2 downloads, fetch 2147483648 bytes (1325.11 Mbit/sec)
In 2 downloads, fetch 2147483648 bytes (1325.96 Mbit/sec)
In 2 downloads, fetch 2147483648 bytes (1248.40 Mbit/sec)
In 2 downloads, fetch 2147483648 bytes (1272.88 Mbit/sec)
In 2 downloads, fetch 2147483648 bytes (1427.21 Mbit/sec)
In 2 downloads, fetch 2147483648 bytes (1368.78 Mbit/sec)
In 2 downloads, fetch 2147483648 bytes (1347.51 Mbit/sec)
In 2 downloads, fetch 2147483648 bytes (1389.41 Mbit/sec)
In 2 downloads, fetch 2147483648 bytes (1375.39 Mbit/sec)
In 2 downloads, fetch 2147483648 bytes (1350.49 Mbit/sec)
In 2 downloads, fetch 2147483648 bytes (1390.82 Mbit/sec)
In 2 downloads, fetch 2147483648 bytes (1323.61 Mbit/sec)
In 2 downloads, fetch 2147483648 bytes (1643.19 Mbit/sec)
In 2 downloads, fetch 2147483648 bytes (1782.70 Mbit/sec)
In 2 downloads, fetch 2147483648 bytes (1771.94 Mbit/sec)
In 2 downloads, fetch 2147483648 bytes (1789.21 Mbit/sec)
In 2 downloads, fetch 2147483648 bytes (1786.13 Mbit/sec)
In 2 downloads, fetch 2147483648 bytes (1838.67 Mbit/sec)
In 2 downloads, fetch 2147483648 bytes (1800.44 Mbit/sec)
In 2 downloads, fetch 2147483648 bytes (1757.34 Mbit/sec)
In 2 downloads, fetch 2147483648 bytes (1779.59 Mbit/sec)
In 2 downloads, fetch 2147483648 bytes (1786.74 Mbit/sec)
In 2 downloads, fetch 2147483648 bytes (1825.22 Mbit/sec)
In 2 downloads, fetch 2147483648 bytes (1797.32 Mbit/sec)
In 2 downloads, fetch 2147483648 bytes (1858.20 Mbit/sec)
In 2 downloads, fetch 2147483648 bytes (1791.23 Mbit/sec)
In 2 downloads, fetch 2147483648 bytes (1819.72 Mbit/sec)
In 2 downloads, fetch 2147483648 bytes (1791.75 Mbit/sec)
In 2 downloads, fetch 2147483648 bytes (1642.90 Mbit/sec)
In 2 downloads, fetch 2147483648 bytes (1670.83 Mbit/sec)
In 2 downloads, fetch 2147483648 bytes (1698.10 Mbit/sec)
In 2 downloads, fetch 2147483648 bytes (1746.08 Mbit/sec)
In 2 downloads, fetch 2147483648 bytes (1720.59 Mbit/sec)
In 2 downloads, fetch 2147483648 bytes (1399.89 Mbit/sec)
In 2 downloads, fetch 2147483648 bytes (1397.22 Mbit/sec)
In 2 downloads, fetch 2147483648 bytes (1408.45 Mbit/sec)
In 2 downloads, fetch 2147483648 bytes (1366.78 Mbit/sec)
In 2 downloads, fetch 2147483648 bytes (1389.18 Mbit/sec)
In 2 downloads, fetch 2147483648 bytes (1411.34 Mbit/sec)
In 2 downloads, fetch 2147483648 bytes (1481.14 Mbit/sec)
In 2 downloads, fetch 2147483648 bytes (1449.34 Mbit/sec)
Overall time with 2 707.465301 seconds (1482.16 Mbit/sec)
-----------------------------------
Running 3 downloads in parallel
Length 137438953472 bytes, approx 128 GB
In 3 downloads, fetch 3221225472 bytes (1931.85 Mbit/sec)
In 3 downloads, fetch 3221225472 bytes (1927.15 Mbit/sec)
In 3 downloads, fetch 3221225472 bytes (1894.95 Mbit/sec)
In 3 downloads, fetch 3221225472 bytes (1939.59 Mbit/sec)
In 3 downloads, fetch 3221225472 bytes (1979.32 Mbit/sec)
In 3 downloads, fetch 3221225472 bytes (1949.63 Mbit/sec)
In 3 downloads, fetch 3221225472 bytes (2010.37 Mbit/sec)
In 3 downloads, fetch 3221225472 bytes (1989.79 Mbit/sec)
In 3 downloads, fetch 3221225472 bytes (1914.95 Mbit/sec)
In 3 downloads, fetch 3221225472 bytes (1953.11 Mbit/sec)
In 3 downloads, fetch 3221225472 bytes (1981.20 Mbit/sec)
In 3 downloads, fetch 3221225472 bytes (1920.27 Mbit/sec)
In 3 downloads, fetch 3221225472 bytes (1986.73 Mbit/sec)
In 3 downloads, fetch 3221225472 bytes (1891.44 Mbit/sec)
In 3 downloads, fetch 3221225472 bytes (1903.57 Mbit/sec)
In 3 downloads, fetch 3221225472 bytes (2002.34 Mbit/sec)
In 3 downloads, fetch 3221225472 bytes (2149.45 Mbit/sec)
In 3 downloads, fetch 3221225472 bytes (2054.67 Mbit/sec)
In 3 downloads, fetch 3221225472 bytes (2036.23 Mbit/sec)
In 3 downloads, fetch 3221225472 bytes (2051.86 Mbit/sec)
In 3 downloads, fetch 3221225472 bytes (2055.34 Mbit/sec)
In 3 downloads, fetch 3221225472 bytes (1996.80 Mbit/sec)
In 3 downloads, fetch 3221225472 bytes (1944.75 Mbit/sec)
In 3 downloads, fetch 3221225472 bytes (1925.88 Mbit/sec)
In 3 downloads, fetch 3221225472 bytes (1945.50 Mbit/sec)
In 3 downloads, fetch 3221225472 bytes (2261.40 Mbit/sec)
In 3 downloads, fetch 3221225472 bytes (2154.21 Mbit/sec)
In 3 downloads, fetch 3221225472 bytes (2145.83 Mbit/sec)
In 3 downloads, fetch 3221225472 bytes (2085.87 Mbit/sec)
In 3 downloads, fetch 3221225472 bytes (2107.80 Mbit/sec)
In 3 downloads, fetch 3221225472 bytes (2067.08 Mbit/sec)
In 3 downloads, fetch 3221225472 bytes (2068.02 Mbit/sec)
In 3 downloads, fetch 3221225472 bytes (2128.26 Mbit/sec)
In 3 downloads, fetch 3221225472 bytes (2012.71 Mbit/sec)
In 3 downloads, fetch 3221225472 bytes (2054.88 Mbit/sec)
In 3 downloads, fetch 3221225472 bytes (1946.80 Mbit/sec)
In 3 downloads, fetch 3221225472 bytes (2034.53 Mbit/sec)
In 3 downloads, fetch 3221225472 bytes (1965.02 Mbit/sec)
In 3 downloads, fetch 3221225472 bytes (1968.98 Mbit/sec)
In 3 downloads, fetch 3221225472 bytes (1977.33 Mbit/sec)
In 3 downloads, fetch 3221225472 bytes (2043.48 Mbit/sec)
In 3 downloads, fetch 3221225472 bytes (1904.33 Mbit/sec)
In 3 downloads, fetch 2147483648 bytes (1746.61 Mbit/sec)
Overall time with 3 524.7772467 seconds (1998.14 Mbit/sec)
-----------------------------------
Running 4 downloads in parallel
Length 137438953472 bytes, approx 128 GB
In 4 downloads, fetch 4294967296 bytes (2386.90 Mbit/sec)
In 4 downloads, fetch 4294967296 bytes (2397.57 Mbit/sec)
In 4 downloads, fetch 4294967296 bytes (2460.68 Mbit/sec)
In 4 downloads, fetch 4294967296 bytes (2400.72 Mbit/sec)
In 4 downloads, fetch 4294967296 bytes (2565.40 Mbit/sec)
In 4 downloads, fetch 4294967296 bytes (2783.99 Mbit/sec)
In 4 downloads, fetch 4294967296 bytes (2723.00 Mbit/sec)
In 4 downloads, fetch 4294967296 bytes (2654.90 Mbit/sec)
In 4 downloads, fetch 4294967296 bytes (2607.20 Mbit/sec)
In 4 downloads, fetch 4294967296 bytes (2534.82 Mbit/sec)
In 4 downloads, fetch 4294967296 bytes (2467.01 Mbit/sec)
In 4 downloads, fetch 4294967296 bytes (2427.04 Mbit/sec)
In 4 downloads, fetch 4294967296 bytes (2429.28 Mbit/sec)
In 4 downloads, fetch 4294967296 bytes (2285.62 Mbit/sec)
In 4 downloads, fetch 4294967296 bytes (2417.02 Mbit/sec)
In 4 downloads, fetch 4294967296 bytes (2363.44 Mbit/sec)
In 4 downloads, fetch 4294967296 bytes (2362.83 Mbit/sec)
In 4 downloads, fetch 4294967296 bytes (2340.87 Mbit/sec)
In 4 downloads, fetch 4294967296 bytes (2347.39 Mbit/sec)
In 4 downloads, fetch 4294967296 bytes (2357.02 Mbit/sec)
In 4 downloads, fetch 4294967296 bytes (2350.53 Mbit/sec)
In 4 downloads, fetch 4294967296 bytes (2362.97 Mbit/sec)
In 4 downloads, fetch 4294967296 bytes (2376.76 Mbit/sec)
In 4 downloads, fetch 4294967296 bytes (2720.55 Mbit/sec)
In 4 downloads, fetch 4294967296 bytes (2751.89 Mbit/sec)
In 4 downloads, fetch 4294967296 bytes (2795.75 Mbit/sec)
In 4 downloads, fetch 4294967296 bytes (2844.87 Mbit/sec)
In 4 downloads, fetch 4294967296 bytes (2789.95 Mbit/sec)
In 4 downloads, fetch 4294967296 bytes (2635.93 Mbit/sec)
In 4 downloads, fetch 4294967296 bytes (2800.19 Mbit/sec)
In 4 downloads, fetch 4294967296 bytes (2508.63 Mbit/sec)
In 4 downloads, fetch 4294967296 bytes (2579.39 Mbit/sec)
Overall time with 4 417.0580901 seconds (2514.22 Mbit/sec)
-----------------------------------
Running 5 downloads in parallel
Length 137438953472 bytes, approx 128 GB
In 5 downloads, fetch 5368709120 bytes (3172.15 Mbit/sec)
In 5 downloads, fetch 5368709120 bytes (3240.55 Mbit/sec)
In 5 downloads, fetch 5368709120 bytes (3227.54 Mbit/sec)
In 5 downloads, fetch 5368709120 bytes (3224.84 Mbit/sec)
In 5 downloads, fetch 5368709120 bytes (3218.84 Mbit/sec)
In 5 downloads, fetch 5368709120 bytes (3259.64 Mbit/sec)
In 5 downloads, fetch 5368709120 bytes (3267.54 Mbit/sec)
In 5 downloads, fetch 5368709120 bytes (3231.63 Mbit/sec)
In 5 downloads, fetch 5368709120 bytes (3156.01 Mbit/sec)
In 5 downloads, fetch 5368709120 bytes (3170.02 Mbit/sec)
In 5 downloads, fetch 5368709120 bytes (3277.80 Mbit/sec)
In 5 downloads, fetch 5368709120 bytes (3291.23 Mbit/sec)
In 5 downloads, fetch 5368709120 bytes (3270.95 Mbit/sec)
In 5 downloads, fetch 5368709120 bytes (3313.77 Mbit/sec)
In 5 downloads, fetch 5368709120 bytes (3268.40 Mbit/sec)
In 5 downloads, fetch 5368709120 bytes (3278.71 Mbit/sec)
In 5 downloads, fetch 5368709120 bytes (3294.00 Mbit/sec)
In 5 downloads, fetch 5368709120 bytes (3251.01 Mbit/sec)
In 5 downloads, fetch 5368709120 bytes (3227.14 Mbit/sec)
In 5 downloads, fetch 5368709120 bytes (3262.23 Mbit/sec)
In 5 downloads, fetch 5368709120 bytes (3037.74 Mbit/sec)
In 5 downloads, fetch 5368709120 bytes (3246.99 Mbit/sec)
In 5 downloads, fetch 5368709120 bytes (3309.98 Mbit/sec)
In 5 downloads, fetch 5368709120 bytes (3270.10 Mbit/sec)
In 5 downloads, fetch 5368709120 bytes (3130.48 Mbit/sec)
In 5 downloads, fetch 3221225472 bytes (1985.99 Mbit/sec)
Overall time with 5 329.0082916 seconds (3187.08 Mbit/sec)
-----------------------------------
Running 8 downloads in parallel
Length 137438953472 bytes, approx 128 GB
In 8 downloads, fetch 8589934592 bytes (5287.75 Mbit/sec)
In 8 downloads, fetch 8589934592 bytes (4745.51 Mbit/sec)
In 8 downloads, fetch 8589934592 bytes (5801.28 Mbit/sec)
In 8 downloads, fetch 8589934592 bytes (6047.31 Mbit/sec)
In 8 downloads, fetch 8589934592 bytes (5976.21 Mbit/sec)
In 8 downloads, fetch 8589934592 bytes (5649.30 Mbit/sec)
In 8 downloads, fetch 8589934592 bytes (6192.28 Mbit/sec)
In 8 downloads, fetch 8589934592 bytes (6184.21 Mbit/sec)
In 8 downloads, fetch 8589934592 bytes (6087.64 Mbit/sec)
In 8 downloads, fetch 8589934592 bytes (5783.35 Mbit/sec)
In 8 downloads, fetch 8589934592 bytes (5819.30 Mbit/sec)
In 8 downloads, fetch 8589934592 bytes (5675.58 Mbit/sec)
In 8 downloads, fetch 8589934592 bytes (5935.46 Mbit/sec)
In 8 downloads, fetch 8589934592 bytes (5688.93 Mbit/sec)
In 8 downloads, fetch 8589934592 bytes (5915.47 Mbit/sec)
In 8 downloads, fetch 8589934592 bytes (5938.19 Mbit/sec)
Overall time with 8 181.7283006 seconds (5770.02 Mbit/sec)
-----------------------------------
Running 12 downloads in parallel
Length 137438953472 bytes, approx 128 GB
In 12 downloads, fetch 12884901888 bytes (8355.25 Mbit/sec)
In 12 downloads, fetch 12884901888 bytes (8738.11 Mbit/sec)
In 12 downloads, fetch 12884901888 bytes (8311.73 Mbit/sec)
In 12 downloads, fetch 12884901888 bytes (8862.66 Mbit/sec)
In 12 downloads, fetch 12884901888 bytes (8470.28 Mbit/sec)
In 12 downloads, fetch 12884901888 bytes (8740.29 Mbit/sec)
In 12 downloads, fetch 12884901888 bytes (8252.89 Mbit/sec)
In 12 downloads, fetch 12884901888 bytes (8540.48 Mbit/sec)
In 12 downloads, fetch 12884901888 bytes (8318.44 Mbit/sec)
In 12 downloads, fetch 12884901888 bytes (8639.03 Mbit/sec)
In 12 downloads, fetch 8589934592 bytes (5659.29 Mbit/sec)
Overall time with 12 127.2709344 seconds (8238.93 Mbit/sec)
-----------------------------------
Running 16 downloads in parallel
Length 137438953472 bytes, approx 128 GB
In 16 downloads, fetch 17179869184 bytes (10832.45 Mbit/sec)
In 16 downloads, fetch 17179869184 bytes (10890.21 Mbit/sec)
In 16 downloads, fetch 17179869184 bytes (11426.48 Mbit/sec)
In 16 downloads, fetch 17179869184 bytes (10593.51 Mbit/sec)
In 16 downloads, fetch 17179869184 bytes (11435.10 Mbit/sec)
In 16 downloads, fetch 17179869184 bytes (11122.70 Mbit/sec)
In 16 downloads, fetch 17179869184 bytes (11213.88 Mbit/sec)
In 16 downloads, fetch 17179869184 bytes (10838.14 Mbit/sec)
Overall time with 16 95.148383 seconds (11020.43 Mbit/sec)
-----------------------------------
Running 20 downloads in parallel
Length 137438953472 bytes, approx 128 GB
In 20 downloads, fetch 21474836480 bytes (12418.27 Mbit/sec)
In 20 downloads, fetch 21474836480 bytes (14244.39 Mbit/sec)
In 20 downloads, fetch 21474836480 bytes (13285.48 Mbit/sec)
In 20 downloads, fetch 21474836480 bytes (13777.26 Mbit/sec)
In 20 downloads, fetch 21474836480 bytes (13490.19 Mbit/sec)
In 20 downloads, fetch 21474836480 bytes (13814.80 Mbit/sec)
In 20 downloads, fetch 8589934592 bytes (5678.67 Mbit/sec)
Overall time with 20 84.501904 seconds (12408.90 Mbit/sec)
-----------------------------------
Running 25 downloads in parallel
Length 137438953472 bytes, approx 128 GB
In 25 downloads, fetch 26843545600 bytes (16318.41 Mbit/sec)
In 25 downloads, fetch 26843545600 bytes (17407.78 Mbit/sec)
In 25 downloads, fetch 26843545600 bytes (17281.37 Mbit/sec)
In 25 downloads, fetch 26843545600 bytes (17316.47 Mbit/sec)
In 25 downloads, fetch 26843545600 bytes (17260.04 Mbit/sec)
In 25 downloads, fetch 3221225472 bytes (2071.79 Mbit/sec)
Overall time with 25 71.7992543 seconds (14604.27 Mbit/sec)
-----------------------------------
Running 30 downloads in parallel
Length 137438953472 bytes, approx 128 GB
In 30 downloads, fetch 32212254720 bytes (17914.26 Mbit/sec)
In 30 downloads, fetch 32212254720 bytes (19224.40 Mbit/sec)
In 30 downloads, fetch 32212254720 bytes (19664.36 Mbit/sec)
In 30 downloads, fetch 32212254720 bytes (20301.17 Mbit/sec)
In 30 downloads, fetch 8589934592 bytes (5806.78 Mbit/sec)
Overall time with 30 62.4648619 seconds (16786.65 Mbit/sec)
-----------------------------------
Running 40 downloads in parallel
Length 137438953472 bytes, approx 128 GB
In 40 downloads, fetch 42949672960 bytes (22223.30 Mbit/sec)
In 40 downloads, fetch 42949672960 bytes (22777.07 Mbit/sec)
In 40 downloads, fetch 42949672960 bytes (21726.55 Mbit/sec)
In 40 downloads, fetch 8589934592 bytes (5727.16 Mbit/sec)
Overall time with 40 55.7422729 seconds (18811.15 Mbit/sec)
-----------------------------------
Running 50 downloads in parallel
Length 137438953472 bytes, approx 128 GB
In 50 downloads, fetch 53687091200 bytes (27764.78 Mbit/sec)
In 50 downloads, fetch 53687091200 bytes (29241.99 Mbit/sec)
In 50 downloads, fetch 30064771072 bytes (18434.77 Mbit/sec)
Overall time with 50 41.263706 seconds (25411.58 Mbit/sec)
-----------------------------------
