{
  "compute": {
    "azEnvironment": "AzurePublicCloud",
    "isHostCompatibilityLayerVm": "false",
    "location": "westeurope",
    "offer": "0001-com-ubuntu-server-focal",
    "osType": "Linux",
    "placementGroupId": "",
    "platformFaultDomain": "0",
    "platformUpdateDomain": "0",
    "sku": "20_04-lts",
    "storageProfile": {
      "imageReference": {
        "id": "",
        "offer": "0001-com-ubuntu-server-focal",
        "publisher": "canonical",
        "sku": "20_04-lts",
        "version": "latest"
      },
      "osDisk": {
        "managedDisk": {
          "id": "/subscriptions/724467b5-bee4-484b-bf13-d6a5505d2b51/resourceGroups/PERF/providers/Microsoft.Compute/disks/chgeuerperf_OsDisk_1_e4c427197a194dafaec4d60151596fa3",
          "storageAccountType": "Premium_LRS"
        },
        "writeAcceleratorEnabled": "false"
      },
    },
    "vmId": "86132153-3cb1-418a-bf43-1937673e2881",
    "vmScaleSetName": "",
    "vmSize": "Standard_F32s_v2",
    "zone": "1"
  },
  "network": {
    "interface": [
      {
        "ipv4": {
          "ipAddress": [
            {
              "privateIpAddress": "10.1.0.5",
              "publicIpAddress": ""
            }
          ],
          "subnet": [
            {
              "address": "10.1.0.0",
              "prefix": "24"
            }
          ]
        },
        "ipv6": {
          "ipAddress": []
        },
        "macAddress": "000D3A22C4FA"
      }
    ]
  }
}


Running 1 downloads in parallel
Length 137438953472 bytes, approx 128 GB
In 1 downloads, fetch 1073741824 bytes (979.72 Mbit/sec)
In 1 downloads, fetch 1073741824 bytes (1044.97 Mbit/sec)
In 1 downloads, fetch 1073741824 bytes (1044.96 Mbit/sec)
In 1 downloads, fetch 1073741824 bytes (1019.69 Mbit/sec)
In 1 downloads, fetch 1073741824 bytes (937.43 Mbit/sec)
In 1 downloads, fetch 1073741824 bytes (1017.11 Mbit/sec)
In 1 downloads, fetch 1073741824 bytes (1015.52 Mbit/sec)
In 1 downloads, fetch 1073741824 bytes (1037.53 Mbit/sec)
In 1 downloads, fetch 1073741824 bytes (1038.36 Mbit/sec)
In 1 downloads, fetch 1073741824 bytes (1031.36 Mbit/sec)
In 1 downloads, fetch 1073741824 bytes (1044.56 Mbit/sec)
In 1 downloads, fetch 1073741824 bytes (1024.90 Mbit/sec)
In 1 downloads, fetch 1073741824 bytes (1015.28 Mbit/sec)
In 1 downloads, fetch 1073741824 bytes (1031.78 Mbit/sec)
In 1 downloads, fetch 1073741824 bytes (1047.18 Mbit/sec)
In 1 downloads, fetch 1073741824 bytes (1051.32 Mbit/sec)
In 1 downloads, fetch 1073741824 bytes (1024.78 Mbit/sec)
In 1 downloads, fetch 1073741824 bytes (1050.07 Mbit/sec)
In 1 downloads, fetch 1073741824 bytes (1033.35 Mbit/sec)
In 1 downloads, fetch 1073741824 bytes (1011.61 Mbit/sec)
In 1 downloads, fetch 1073741824 bytes (1032.45 Mbit/sec)
In 1 downloads, fetch 1073741824 bytes (1052.84 Mbit/sec)
In 1 downloads, fetch 1073741824 bytes (1069.96 Mbit/sec)
In 1 downloads, fetch 1073741824 bytes (1057.84 Mbit/sec)
In 1 downloads, fetch 1073741824 bytes (1053.35 Mbit/sec)
In 1 downloads, fetch 1073741824 bytes (1057.23 Mbit/sec)
In 1 downloads, fetch 1073741824 bytes (1019.12 Mbit/sec)
In 1 downloads, fetch 1073741824 bytes (1004.71 Mbit/sec)
In 1 downloads, fetch 1073741824 bytes (1023.48 Mbit/sec)
In 1 downloads, fetch 1073741824 bytes (1032.77 Mbit/sec)
In 1 downloads, fetch 1073741824 bytes (1044.76 Mbit/sec)
In 1 downloads, fetch 1073741824 bytes (1050.63 Mbit/sec)
In 1 downloads, fetch 1073741824 bytes (1052.81 Mbit/sec)
In 1 downloads, fetch 1073741824 bytes (1045.20 Mbit/sec)
In 1 downloads, fetch 1073741824 bytes (1021.89 Mbit/sec)
In 1 downloads, fetch 1073741824 bytes (1021.09 Mbit/sec)
In 1 downloads, fetch 1073741824 bytes (1029.45 Mbit/sec)
In 1 downloads, fetch 1073741824 bytes (1034.01 Mbit/sec)
In 1 downloads, fetch 1073741824 bytes (928.00 Mbit/sec)
In 1 downloads, fetch 1073741824 bytes (991.96 Mbit/sec)
In 1 downloads, fetch 1073741824 bytes (1024.15 Mbit/sec)
In 1 downloads, fetch 1073741824 bytes (986.51 Mbit/sec)
In 1 downloads, fetch 1073741824 bytes (976.08 Mbit/sec)
In 1 downloads, fetch 1073741824 bytes (971.95 Mbit/sec)
In 1 downloads, fetch 1073741824 bytes (1007.79 Mbit/sec)
In 1 downloads, fetch 1073741824 bytes (1012.41 Mbit/sec)
In 1 downloads, fetch 1073741824 bytes (1021.28 Mbit/sec)
In 1 downloads, fetch 1073741824 bytes (1017.08 Mbit/sec)
In 1 downloads, fetch 1073741824 bytes (993.91 Mbit/sec)
In 1 downloads, fetch 1073741824 bytes (981.47 Mbit/sec)
In 1 downloads, fetch 1073741824 bytes (1006.61 Mbit/sec)
In 1 downloads, fetch 1073741824 bytes (999.85 Mbit/sec)
In 1 downloads, fetch 1073741824 bytes (1023.31 Mbit/sec)
In 1 downloads, fetch 1073741824 bytes (1039.85 Mbit/sec)
In 1 downloads, fetch 1073741824 bytes (1009.16 Mbit/sec)
In 1 downloads, fetch 1073741824 bytes (1005.45 Mbit/sec)
In 1 downloads, fetch 1073741824 bytes (962.42 Mbit/sec)
In 1 downloads, fetch 1073741824 bytes (983.12 Mbit/sec)
In 1 downloads, fetch 1073741824 bytes (999.38 Mbit/sec)
In 1 downloads, fetch 1073741824 bytes (1010.43 Mbit/sec)
In 1 downloads, fetch 1073741824 bytes (993.74 Mbit/sec)
In 1 downloads, fetch 1073741824 bytes (1020.20 Mbit/sec)
In 1 downloads, fetch 1073741824 bytes (1003.50 Mbit/sec)
In 1 downloads, fetch 1073741824 bytes (973.78 Mbit/sec)
In 1 downloads, fetch 1073741824 bytes (977.35 Mbit/sec)
In 1 downloads, fetch 1073741824 bytes (975.93 Mbit/sec)
In 1 downloads, fetch 1073741824 bytes (989.59 Mbit/sec)
In 1 downloads, fetch 1073741824 bytes (1008.21 Mbit/sec)
In 1 downloads, fetch 1073741824 bytes (1013.99 Mbit/sec)
In 1 downloads, fetch 1073741824 bytes (987.56 Mbit/sec)
In 1 downloads, fetch 1073741824 bytes (994.07 Mbit/sec)
In 1 downloads, fetch 1073741824 bytes (1000.45 Mbit/sec)
In 1 downloads, fetch 1073741824 bytes (970.35 Mbit/sec)
In 1 downloads, fetch 1073741824 bytes (1000.07 Mbit/sec)
In 1 downloads, fetch 1073741824 bytes (1010.66 Mbit/sec)
In 1 downloads, fetch 1073741824 bytes (939.40 Mbit/sec)
In 1 downloads, fetch 1073741824 bytes (1011.69 Mbit/sec)
In 1 downloads, fetch 1073741824 bytes (1000.56 Mbit/sec)
In 1 downloads, fetch 1073741824 bytes (959.13 Mbit/sec)
In 1 downloads, fetch 1073741824 bytes (1053.65 Mbit/sec)
In 1 downloads, fetch 1073741824 bytes (1060.02 Mbit/sec)
In 1 downloads, fetch 1073741824 bytes (1096.07 Mbit/sec)
In 1 downloads, fetch 1073741824 bytes (1096.12 Mbit/sec)
In 1 downloads, fetch 1073741824 bytes (1016.46 Mbit/sec)
In 1 downloads, fetch 1073741824 bytes (1006.32 Mbit/sec)
In 1 downloads, fetch 1073741824 bytes (1001.69 Mbit/sec)
In 1 downloads, fetch 1073741824 bytes (976.83 Mbit/sec)
In 1 downloads, fetch 1073741824 bytes (980.07 Mbit/sec)
In 1 downloads, fetch 1073741824 bytes (1004.12 Mbit/sec)
In 1 downloads, fetch 1073741824 bytes (1027.48 Mbit/sec)
In 1 downloads, fetch 1073741824 bytes (1024.45 Mbit/sec)
In 1 downloads, fetch 1073741824 bytes (1090.22 Mbit/sec)
In 1 downloads, fetch 1073741824 bytes (1095.31 Mbit/sec)
In 1 downloads, fetch 1073741824 bytes (1062.24 Mbit/sec)
In 1 downloads, fetch 1073741824 bytes (1063.31 Mbit/sec)
In 1 downloads, fetch 1073741824 bytes (1053.07 Mbit/sec)
In 1 downloads, fetch 1073741824 bytes (1083.93 Mbit/sec)
In 1 downloads, fetch 1073741824 bytes (1015.81 Mbit/sec)
In 1 downloads, fetch 1073741824 bytes (1024.08 Mbit/sec)
In 1 downloads, fetch 1073741824 bytes (1009.20 Mbit/sec)
In 1 downloads, fetch 1073741824 bytes (997.03 Mbit/sec)
In 1 downloads, fetch 1073741824 bytes (971.40 Mbit/sec)
In 1 downloads, fetch 1073741824 bytes (978.62 Mbit/sec)
In 1 downloads, fetch 1073741824 bytes (1018.57 Mbit/sec)
In 1 downloads, fetch 1073741824 bytes (1010.23 Mbit/sec)
In 1 downloads, fetch 1073741824 bytes (1026.03 Mbit/sec)
In 1 downloads, fetch 1073741824 bytes (1023.78 Mbit/sec)
In 1 downloads, fetch 1073741824 bytes (1012.81 Mbit/sec)
In 1 downloads, fetch 1073741824 bytes (976.66 Mbit/sec)
In 1 downloads, fetch 1073741824 bytes (995.65 Mbit/sec)
In 1 downloads, fetch 1073741824 bytes (1027.40 Mbit/sec)
In 1 downloads, fetch 1073741824 bytes (1045.68 Mbit/sec)
In 1 downloads, fetch 1073741824 bytes (1017.95 Mbit/sec)
In 1 downloads, fetch 1073741824 bytes (1202.02 Mbit/sec)
In 1 downloads, fetch 1073741824 bytes (1201.56 Mbit/sec)
In 1 downloads, fetch 1073741824 bytes (1200.68 Mbit/sec)
In 1 downloads, fetch 1073741824 bytes (1156.87 Mbit/sec)
In 1 downloads, fetch 1073741824 bytes (1181.49 Mbit/sec)
In 1 downloads, fetch 1073741824 bytes (1195.07 Mbit/sec)
In 1 downloads, fetch 1073741824 bytes (1218.12 Mbit/sec)
In 1 downloads, fetch 1073741824 bytes (1227.24 Mbit/sec)
In 1 downloads, fetch 1073741824 bytes (1197.35 Mbit/sec)
In 1 downloads, fetch 1073741824 bytes (1192.15 Mbit/sec)
In 1 downloads, fetch 1073741824 bytes (1201.05 Mbit/sec)
In 1 downloads, fetch 1073741824 bytes (1172.14 Mbit/sec)
In 1 downloads, fetch 1073741824 bytes (1175.98 Mbit/sec)
In 1 downloads, fetch 1073741824 bytes (1189.61 Mbit/sec)
In 1 downloads, fetch 1073741824 bytes (1193.51 Mbit/sec)
Overall time with 1 1015.1907108 seconds (1032.89 Mbit/sec)
-----------------------------------
Running 2 downloads in parallel
Length 137438953472 bytes, approx 128 GB
In 2 downloads, fetch 2147483648 bytes (2064.23 Mbit/sec)
In 2 downloads, fetch 2147483648 bytes (2072.35 Mbit/sec)
In 2 downloads, fetch 2147483648 bytes (2078.93 Mbit/sec)
In 2 downloads, fetch 2147483648 bytes (2027.35 Mbit/sec)
In 2 downloads, fetch 2147483648 bytes (1904.48 Mbit/sec)
In 2 downloads, fetch 2147483648 bytes (2015.79 Mbit/sec)
In 2 downloads, fetch 2147483648 bytes (2031.43 Mbit/sec)
In 2 downloads, fetch 2147483648 bytes (2058.53 Mbit/sec)
In 2 downloads, fetch 2147483648 bytes (2079.72 Mbit/sec)
In 2 downloads, fetch 2147483648 bytes (2075.56 Mbit/sec)
In 2 downloads, fetch 2147483648 bytes (2102.89 Mbit/sec)
In 2 downloads, fetch 2147483648 bytes (2020.28 Mbit/sec)
In 2 downloads, fetch 2147483648 bytes (2017.47 Mbit/sec)
In 2 downloads, fetch 2147483648 bytes (2038.44 Mbit/sec)
In 2 downloads, fetch 2147483648 bytes (2016.60 Mbit/sec)
In 2 downloads, fetch 2147483648 bytes (2066.65 Mbit/sec)
In 2 downloads, fetch 2147483648 bytes (2003.52 Mbit/sec)
In 2 downloads, fetch 2147483648 bytes (2072.68 Mbit/sec)
In 2 downloads, fetch 2147483648 bytes (2070.27 Mbit/sec)
In 2 downloads, fetch 2147483648 bytes (2055.31 Mbit/sec)
In 2 downloads, fetch 2147483648 bytes (2036.13 Mbit/sec)
In 2 downloads, fetch 2147483648 bytes (2014.09 Mbit/sec)
In 2 downloads, fetch 2147483648 bytes (2081.62 Mbit/sec)
In 2 downloads, fetch 2147483648 bytes (2072.97 Mbit/sec)
In 2 downloads, fetch 2147483648 bytes (2079.58 Mbit/sec)
In 2 downloads, fetch 2147483648 bytes (2010.20 Mbit/sec)
In 2 downloads, fetch 2147483648 bytes (2081.35 Mbit/sec)
In 2 downloads, fetch 2147483648 bytes (1841.77 Mbit/sec)
In 2 downloads, fetch 2147483648 bytes (1994.62 Mbit/sec)
In 2 downloads, fetch 2147483648 bytes (2008.56 Mbit/sec)
In 2 downloads, fetch 2147483648 bytes (2063.99 Mbit/sec)
In 2 downloads, fetch 2147483648 bytes (2050.78 Mbit/sec)
In 2 downloads, fetch 2147483648 bytes (2033.26 Mbit/sec)
In 2 downloads, fetch 2147483648 bytes (2084.89 Mbit/sec)
In 2 downloads, fetch 2147483648 bytes (2034.80 Mbit/sec)
In 2 downloads, fetch 2147483648 bytes (2030.51 Mbit/sec)
In 2 downloads, fetch 2147483648 bytes (1958.23 Mbit/sec)
In 2 downloads, fetch 2147483648 bytes (2023.25 Mbit/sec)
In 2 downloads, fetch 2147483648 bytes (2088.32 Mbit/sec)
In 2 downloads, fetch 2147483648 bytes (2079.16 Mbit/sec)
In 2 downloads, fetch 2147483648 bytes (2090.41 Mbit/sec)
In 2 downloads, fetch 2147483648 bytes (2045.29 Mbit/sec)
In 2 downloads, fetch 2147483648 bytes (2016.54 Mbit/sec)
In 2 downloads, fetch 2147483648 bytes (1978.82 Mbit/sec)
In 2 downloads, fetch 2147483648 bytes (1932.86 Mbit/sec)
In 2 downloads, fetch 2147483648 bytes (2062.70 Mbit/sec)
In 2 downloads, fetch 2147483648 bytes (2064.57 Mbit/sec)
In 2 downloads, fetch 2147483648 bytes (2054.41 Mbit/sec)
In 2 downloads, fetch 2147483648 bytes (2057.51 Mbit/sec)
In 2 downloads, fetch 2147483648 bytes (2009.49 Mbit/sec)
In 2 downloads, fetch 2147483648 bytes (2023.89 Mbit/sec)
In 2 downloads, fetch 2147483648 bytes (2005.50 Mbit/sec)
In 2 downloads, fetch 2147483648 bytes (2063.61 Mbit/sec)
In 2 downloads, fetch 2147483648 bytes (2053.93 Mbit/sec)
In 2 downloads, fetch 2147483648 bytes (2094.63 Mbit/sec)
In 2 downloads, fetch 2147483648 bytes (2035.44 Mbit/sec)
In 2 downloads, fetch 2147483648 bytes (2052.76 Mbit/sec)
In 2 downloads, fetch 2147483648 bytes (2035.37 Mbit/sec)
In 2 downloads, fetch 2147483648 bytes (2044.48 Mbit/sec)
In 2 downloads, fetch 2147483648 bytes (1969.49 Mbit/sec)
In 2 downloads, fetch 2147483648 bytes (2050.67 Mbit/sec)
In 2 downloads, fetch 2147483648 bytes (2066.24 Mbit/sec)
In 2 downloads, fetch 2147483648 bytes (2047.58 Mbit/sec)
In 2 downloads, fetch 2147483648 bytes (2003.84 Mbit/sec)
Overall time with 2 514.9743113 seconds (2036.17 Mbit/sec)
-----------------------------------
Running 3 downloads in parallel
Length 137438953472 bytes, approx 128 GB
In 3 downloads, fetch 3221225472 bytes (2603.67 Mbit/sec)
In 3 downloads, fetch 3221225472 bytes (2704.26 Mbit/sec)
In 3 downloads, fetch 3221225472 bytes (2750.55 Mbit/sec)
In 3 downloads, fetch 3221225472 bytes (2784.81 Mbit/sec)
In 3 downloads, fetch 3221225472 bytes (2903.82 Mbit/sec)
In 3 downloads, fetch 3221225472 bytes (2916.33 Mbit/sec)
In 3 downloads, fetch 3221225472 bytes (2806.72 Mbit/sec)
In 3 downloads, fetch 3221225472 bytes (2626.88 Mbit/sec)
In 3 downloads, fetch 3221225472 bytes (2638.12 Mbit/sec)
In 3 downloads, fetch 3221225472 bytes (2711.82 Mbit/sec)
In 3 downloads, fetch 3221225472 bytes (2885.63 Mbit/sec)
In 3 downloads, fetch 3221225472 bytes (2975.36 Mbit/sec)
In 3 downloads, fetch 3221225472 bytes (3008.42 Mbit/sec)
In 3 downloads, fetch 3221225472 bytes (2949.89 Mbit/sec)
In 3 downloads, fetch 3221225472 bytes (2828.04 Mbit/sec)
In 3 downloads, fetch 3221225472 bytes (2941.56 Mbit/sec)
In 3 downloads, fetch 3221225472 bytes (2922.78 Mbit/sec)
In 3 downloads, fetch 3221225472 bytes (2976.51 Mbit/sec)
In 3 downloads, fetch 3221225472 bytes (2944.33 Mbit/sec)
In 3 downloads, fetch 3221225472 bytes (2922.15 Mbit/sec)
In 3 downloads, fetch 3221225472 bytes (3029.11 Mbit/sec)
In 3 downloads, fetch 3221225472 bytes (2884.85 Mbit/sec)
In 3 downloads, fetch 3221225472 bytes (2925.84 Mbit/sec)
In 3 downloads, fetch 3221225472 bytes (3053.81 Mbit/sec)
In 3 downloads, fetch 3221225472 bytes (2955.78 Mbit/sec)
In 3 downloads, fetch 3221225472 bytes (2917.53 Mbit/sec)
In 3 downloads, fetch 3221225472 bytes (2889.62 Mbit/sec)
In 3 downloads, fetch 3221225472 bytes (3052.04 Mbit/sec)
In 3 downloads, fetch 3221225472 bytes (2947.48 Mbit/sec)
In 3 downloads, fetch 3221225472 bytes (2972.91 Mbit/sec)
In 3 downloads, fetch 3221225472 bytes (2901.21 Mbit/sec)
In 3 downloads, fetch 3221225472 bytes (2972.27 Mbit/sec)
In 3 downloads, fetch 3221225472 bytes (3011.34 Mbit/sec)
In 3 downloads, fetch 3221225472 bytes (3052.54 Mbit/sec)
In 3 downloads, fetch 3221225472 bytes (2998.87 Mbit/sec)
In 3 downloads, fetch 3221225472 bytes (2800.25 Mbit/sec)
In 3 downloads, fetch 3221225472 bytes (2906.20 Mbit/sec)
In 3 downloads, fetch 3221225472 bytes (2926.70 Mbit/sec)
In 3 downloads, fetch 3221225472 bytes (2903.16 Mbit/sec)
In 3 downloads, fetch 3221225472 bytes (3003.39 Mbit/sec)
In 3 downloads, fetch 3221225472 bytes (3000.89 Mbit/sec)
In 3 downloads, fetch 3221225472 bytes (3022.64 Mbit/sec)
In 3 downloads, fetch 2147483648 bytes (2006.87 Mbit/sec)
Overall time with 3 364.3238266 seconds (2878.14 Mbit/sec)
-----------------------------------
Running 4 downloads in parallel
Length 137438953472 bytes, approx 128 GB
In 4 downloads, fetch 4294967296 bytes (3208.88 Mbit/sec)
In 4 downloads, fetch 4294967296 bytes (3415.72 Mbit/sec)
In 4 downloads, fetch 4294967296 bytes (3735.29 Mbit/sec)
In 4 downloads, fetch 4294967296 bytes (3735.35 Mbit/sec)
In 4 downloads, fetch 4294967296 bytes (3807.36 Mbit/sec)
In 4 downloads, fetch 4294967296 bytes (3823.25 Mbit/sec)
In 4 downloads, fetch 4294967296 bytes (3588.69 Mbit/sec)
In 4 downloads, fetch 4294967296 bytes (3408.10 Mbit/sec)
In 4 downloads, fetch 4294967296 bytes (3430.58 Mbit/sec)
In 4 downloads, fetch 4294967296 bytes (3608.45 Mbit/sec)
In 4 downloads, fetch 4294967296 bytes (3697.93 Mbit/sec)
In 4 downloads, fetch 4294967296 bytes (3873.98 Mbit/sec)
In 4 downloads, fetch 4294967296 bytes (3439.37 Mbit/sec)
In 4 downloads, fetch 4294967296 bytes (3587.55 Mbit/sec)
In 4 downloads, fetch 4294967296 bytes (3654.83 Mbit/sec)
In 4 downloads, fetch 4294967296 bytes (3686.00 Mbit/sec)
In 4 downloads, fetch 4294967296 bytes (3550.35 Mbit/sec)
In 4 downloads, fetch 4294967296 bytes (3677.99 Mbit/sec)
In 4 downloads, fetch 4294967296 bytes (3478.60 Mbit/sec)
In 4 downloads, fetch 4294967296 bytes (3480.02 Mbit/sec)
In 4 downloads, fetch 4294967296 bytes (3398.04 Mbit/sec)
In 4 downloads, fetch 4294967296 bytes (3448.50 Mbit/sec)
In 4 downloads, fetch 4294967296 bytes (3700.45 Mbit/sec)
In 4 downloads, fetch 4294967296 bytes (3572.24 Mbit/sec)
In 4 downloads, fetch 4294967296 bytes (3874.94 Mbit/sec)
In 4 downloads, fetch 4294967296 bytes (3496.55 Mbit/sec)
In 4 downloads, fetch 4294967296 bytes (3663.52 Mbit/sec)
In 4 downloads, fetch 4294967296 bytes (3487.67 Mbit/sec)
In 4 downloads, fetch 4294967296 bytes (3848.30 Mbit/sec)
In 4 downloads, fetch 4294967296 bytes (3861.93 Mbit/sec)
In 4 downloads, fetch 4294967296 bytes (3973.57 Mbit/sec)
In 4 downloads, fetch 4294967296 bytes (3909.07 Mbit/sec)
Overall time with 4 289.7170178 seconds (3619.31 Mbit/sec)
-----------------------------------
Running 5 downloads in parallel
Length 137438953472 bytes, approx 128 GB
In 5 downloads, fetch 5368709120 bytes (4911.67 Mbit/sec)
In 5 downloads, fetch 5368709120 bytes (4785.22 Mbit/sec)
In 5 downloads, fetch 5368709120 bytes (4567.54 Mbit/sec)
In 5 downloads, fetch 5368709120 bytes (4598.00 Mbit/sec)
In 5 downloads, fetch 5368709120 bytes (4928.80 Mbit/sec)
In 5 downloads, fetch 5368709120 bytes (4864.53 Mbit/sec)
In 5 downloads, fetch 5368709120 bytes (4747.33 Mbit/sec)
In 5 downloads, fetch 5368709120 bytes (4826.14 Mbit/sec)
In 5 downloads, fetch 5368709120 bytes (4717.27 Mbit/sec)
In 5 downloads, fetch 5368709120 bytes (4771.83 Mbit/sec)
In 5 downloads, fetch 5368709120 bytes (4822.74 Mbit/sec)
In 5 downloads, fetch 5368709120 bytes (4831.11 Mbit/sec)
In 5 downloads, fetch 5368709120 bytes (4903.17 Mbit/sec)
In 5 downloads, fetch 5368709120 bytes (4936.08 Mbit/sec)
In 5 downloads, fetch 5368709120 bytes (4878.47 Mbit/sec)
In 5 downloads, fetch 5368709120 bytes (4753.23 Mbit/sec)
In 5 downloads, fetch 5368709120 bytes (4697.59 Mbit/sec)
In 5 downloads, fetch 5368709120 bytes (4815.04 Mbit/sec)
In 5 downloads, fetch 5368709120 bytes (4909.92 Mbit/sec)
In 5 downloads, fetch 5368709120 bytes (4836.65 Mbit/sec)
In 5 downloads, fetch 5368709120 bytes (4829.73 Mbit/sec)
In 5 downloads, fetch 5368709120 bytes (4832.29 Mbit/sec)
In 5 downloads, fetch 5368709120 bytes (4712.68 Mbit/sec)
In 5 downloads, fetch 5368709120 bytes (4759.86 Mbit/sec)
In 5 downloads, fetch 5368709120 bytes (4808.10 Mbit/sec)
In 5 downloads, fetch 3221225472 bytes (2962.24 Mbit/sec)
Overall time with 5 221.7066317 seconds (4729.57 Mbit/sec)
-----------------------------------
Running 8 downloads in parallel
Length 137438953472 bytes, approx 128 GB
In 8 downloads, fetch 8589934592 bytes (7721.40 Mbit/sec)
In 8 downloads, fetch 8589934592 bytes (7667.77 Mbit/sec)
In 8 downloads, fetch 8589934592 bytes (7681.58 Mbit/sec)
In 8 downloads, fetch 8589934592 bytes (7419.92 Mbit/sec)
In 8 downloads, fetch 8589934592 bytes (7304.12 Mbit/sec)
In 8 downloads, fetch 8589934592 bytes (7204.94 Mbit/sec)
In 8 downloads, fetch 8589934592 bytes (7565.23 Mbit/sec)
In 8 downloads, fetch 8589934592 bytes (7407.65 Mbit/sec)
In 8 downloads, fetch 8589934592 bytes (7426.73 Mbit/sec)
In 8 downloads, fetch 8589934592 bytes (7353.02 Mbit/sec)
In 8 downloads, fetch 8589934592 bytes (6826.86 Mbit/sec)
In 8 downloads, fetch 8589934592 bytes (7548.55 Mbit/sec)
In 8 downloads, fetch 8589934592 bytes (7636.31 Mbit/sec)
In 8 downloads, fetch 8589934592 bytes (7703.43 Mbit/sec)
In 8 downloads, fetch 8589934592 bytes (7665.22 Mbit/sec)
In 8 downloads, fetch 8589934592 bytes (7079.64 Mbit/sec)
Overall time with 8 140.9150479 seconds (7441.19 Mbit/sec)
-----------------------------------
Running 12 downloads in parallel
Length 137438953472 bytes, approx 128 GB
In 12 downloads, fetch 12884901888 bytes (10376.08 Mbit/sec)
In 12 downloads, fetch 12884901888 bytes (9353.91 Mbit/sec)
In 12 downloads, fetch 12884901888 bytes (10241.00 Mbit/sec)
In 12 downloads, fetch 12884901888 bytes (11072.43 Mbit/sec)
In 12 downloads, fetch 12884901888 bytes (10795.41 Mbit/sec)
In 12 downloads, fetch 12884901888 bytes (11209.41 Mbit/sec)
In 12 downloads, fetch 12884901888 bytes (10945.84 Mbit/sec)
In 12 downloads, fetch 12884901888 bytes (9724.21 Mbit/sec)
In 12 downloads, fetch 12884901888 bytes (9532.32 Mbit/sec)
In 12 downloads, fetch 12884901888 bytes (10730.74 Mbit/sec)
In 12 downloads, fetch 8589934592 bytes (7383.35 Mbit/sec)
Overall time with 12 103.8282927 seconds (10099.14 Mbit/sec)
-----------------------------------
Running 16 downloads in parallel
Length 137438953472 bytes, approx 128 GB
In 16 downloads, fetch 17179869184 bytes (14746.81 Mbit/sec)
In 16 downloads, fetch 17179869184 bytes (14436.44 Mbit/sec)
In 16 downloads, fetch 17179869184 bytes (12588.35 Mbit/sec)
In 16 downloads, fetch 17179869184 bytes (12488.62 Mbit/sec)
In 16 downloads, fetch 17179869184 bytes (12984.35 Mbit/sec)
In 16 downloads, fetch 17179869184 bytes (13918.52 Mbit/sec)
In 16 downloads, fetch 17179869184 bytes (14060.19 Mbit/sec)
In 16 downloads, fetch 17179869184 bytes (14287.41 Mbit/sec)
Overall time with 16 76.9053197 seconds (13634.64 Mbit/sec)
-----------------------------------
Running 20 downloads in parallel
Length 137438953472 bytes, approx 128 GB
In 20 downloads, fetch 21474836480 bytes (14716.04 Mbit/sec)
In 20 downloads, fetch 21474836480 bytes (13617.84 Mbit/sec)
In 20 downloads, fetch 21474836480 bytes (14263.33 Mbit/sec)
In 20 downloads, fetch 21474836480 bytes (15955.17 Mbit/sec)
In 20 downloads, fetch 21474836480 bytes (15388.33 Mbit/sec)
In 20 downloads, fetch 21474836480 bytes (15200.30 Mbit/sec)
In 20 downloads, fetch 8589934592 bytes (5624.15 Mbit/sec)
Overall time with 20 78.0228947 seconds (13439.34 Mbit/sec)
-----------------------------------
Running 25 downloads in parallel
Length 137438953472 bytes, approx 128 GB
In 25 downloads, fetch 26843545600 bytes (16565.21 Mbit/sec)
In 25 downloads, fetch 26843545600 bytes (18966.29 Mbit/sec)
In 25 downloads, fetch 26843545600 bytes (18993.60 Mbit/sec)
In 25 downloads, fetch 26843545600 bytes (17736.88 Mbit/sec)
In 25 downloads, fetch 26843545600 bytes (15674.96 Mbit/sec)
In 25 downloads, fetch 3221225472 bytes (2502.32 Mbit/sec)
Overall time with 25 68.3991992 seconds (15330.24 Mbit/sec)
-----------------------------------
Running 30 downloads in parallel
Length 137438953472 bytes, approx 128 GB
In 30 downloads, fetch 32212254720 bytes (19750.33 Mbit/sec)
In 30 downloads, fetch 32212254720 bytes (19146.85 Mbit/sec)
In 30 downloads, fetch 32212254720 bytes (19310.13 Mbit/sec)
In 30 downloads, fetch 32212254720 bytes (15791.05 Mbit/sec)
In 30 downloads, fetch 8589934592 bytes (5760.88 Mbit/sec)
Overall time with 30 64.9686978 seconds (16139.71 Mbit/sec)
-----------------------------------
Running 40 downloads in parallel
Length 137438953472 bytes, approx 128 GB
In 40 downloads, fetch 42949672960 bytes (23227.65 Mbit/sec)
In 40 downloads, fetch 42949672960 bytes (22275.53 Mbit/sec)
In 40 downloads, fetch 42949672960 bytes (18835.27 Mbit/sec)
In 40 downloads, fetch 8589934592 bytes (5718.86 Mbit/sec)
Overall time with 40 57.7036429 seconds (18171.75 Mbit/sec)
-----------------------------------
Running 50 downloads in parallel
Length 137438953472 bytes, approx 128 GB
In 50 downloads, fetch 53687091200 bytes (24623.51 Mbit/sec)
In 50 downloads, fetch 53687091200 bytes (24849.31 Mbit/sec)
In 50 downloads, fetch 30064771072 bytes (13841.62 Mbit/sec)
Overall time with 50 49.7108045 seconds (21093.52 Mbit/sec)
-----------------------------------
